<?xml version="1.0" encoding="UTF-8" ?>
<testsuite tests="2" failures="0" name="cucumberTest.TestRunner" time="23.17" errors="2" skipped="0">
  <properties>
[...]
</properties>
  <testcase classname="Login Action" name="Login to WhiteBox Learning #1" time="9.702">
    <error message="The step &apos;user enters &quot;abhi.murugan@gmail.com&quot; and &quot;abhiramimurugan&quot;&apos; is undefined.
You can implement this step using the snippet(s) below:

@Then(&quot;user enters {string} and {string}&quot;)
public void user_enters_and(String string, String string2) {
    // Write code here that turns the phrase above into concrete actions
    throw new io.cucumber.java.PendingException();
}
" type="io.cucumber.junit.UndefinedStepException">io.cucumber.junit.UndefinedStepException: The step &apos;user enters &quot;abhi.murugan@gmail.com&quot; and &quot;abhiramimurugan&quot;&apos; is undefined.
You can implement this step using the snippet(s) below:

@Then(&quot;user enters {string} and {string}&quot;)
public void user_enters_and(String string, String string2) {
    // Write code here that turns the phrase above into concrete actions
    throw new io.cucumber.java.PendingException();
}

</error>
    <system-out>Iside Class 1
QA/QE/SDET Training.
</system-out>
    <system-err>Starting ChromeDriver 102.0.5005.61 (0e59bcc00cc4985ce39ad31c150065f159d95ad3-refs/branch-heads/5005@{#819}) on port 34852
Only local connections are allowed.
Please see https://chromedriver.chromium.org/security-considerations for suggestions on keeping ChromeDriver safe.
ChromeDriver was started successfully.
Jun 20, 2022 12:03:00 AM org.openqa.selenium.remote.ProtocolHandshake createSession
INFO: Detected dialect: W3C
</system-err>
  </testcase>
  <testcase classname="Login Action" name="Login to WhiteBox Learning #2" time="13.468">
    <error message="The step &apos;user enters &quot;abc@gmail.com&quot; and &quot;abcd&quot;&apos; is undefined.
You can implement this step using the snippet(s) below:

@Then(&quot;user enters {string} and {string}&quot;)
public void user_enters_and(String string, String string2) {
    // Write code here that turns the phrase above into concrete actions
    throw new io.cucumber.java.PendingException();
}
" type="io.cucumber.junit.UndefinedStepException">io.cucumber.junit.UndefinedStepException: The step &apos;user enters &quot;abc@gmail.com&quot; and &quot;abcd&quot;&apos; is undefined.
You can implement this step using the snippet(s) below:

@Then(&quot;user enters {string} and {string}&quot;)
public void user_enters_and(String string, String string2) {
    // Write code here that turns the phrase above into concrete actions
    throw new io.cucumber.java.PendingException();
}

</error>
    <system-out>Iside Class 1
QA/QE/SDET Training.
</system-out>
    <system-err>Starting ChromeDriver 102.0.5005.61 (0e59bcc00cc4985ce39ad31c150065f159d95ad3-refs/branch-heads/5005@{#819}) on port 12458
Only local connections are allowed.
Please see https://chromedriver.chromium.org/security-considerations for suggestions on keeping ChromeDriver safe.
ChromeDriver was started successfully.
Jun 20, 2022 12:03:09 AM org.openqa.selenium.remote.ProtocolHandshake createSession
INFO: Detected dialect: W3C
</system-err>
  </testcase>
</testsuite>